<?xml version='1.0' encoding='UTF-8'?>
<testsuite hostname="Mings-MacBook-Pro-2.local" name="todo.IdGeneratorSuite" tests="2" errors="0" failures="0" skipped="0" time="0.031" timestamp="2023-12-02T15:53:23">
          <properties>
[...]
</properties>
          <testcase classname="todo.IdGeneratorSuite" name="generated Ids are monotonically increasing" time="0.03">
                      
                    </testcase><testcase classname="todo.IdGeneratorSuite" name="generated Ids start with given Id" time="0.001">
                      
                    </testcase>
          <system-out><![CDATA[]]></system-out>
          <system-err><![CDATA[]]></system-err>
        </testsuite>